Info: CustomCategory:mantenimiento_category: 16 mini seconds publishing element
Info: Discipline:mantenimiento_tareas: 21 mini seconds publishing element
Info: Task:aprobacion_y_cierre_de_la_peticion: 26 mini seconds publishing element
Info: Task:asignacion_de_la_peticion: 28 mini seconds publishing element
Info: Task:especificacion_del_plan_de_pruebas_de_regresion: 17 mini seconds publishing element
Info: Task:establecimiento_del_plan_de_accion: 24 mini seconds publishing element
Info: Task:estudio_propuesta_solucion_correctivo: 28 mini seconds publishing element
Info: Task:estudio_propuesta_solucion_evolutivo: 26 mini seconds publishing element
Info: Task:identificacion_de_elementos_afectados: 17 mini seconds publishing element
Info: Task:realizacion_de_pruebas_de_regresion: 21 mini seconds publishing element
Info: Task:registro_de_la_peticion: 18 mini seconds publishing element
Info: Task:seguimiento_de_los_cambios: 20 mini seconds publishing element
Info: Task:verificacion_estudio_peticion_correctivo: 18 mini seconds publishing element
Info: Task:verificacion_estudio_peticion_evolutivo: 17 mini seconds publishing element
Info: Checklist:analisis_de_impacto: 15 mini seconds publishing element
Info: Concept:catalogacion: 18 mini seconds publishing element
Info: Concept:planificacion: 11 mini seconds publishing element
Info: Guideline:pruebas_de_regresion: 12 mini seconds publishing element
Info: Guideline:sesiones_de_trabajo: 12 mini seconds publishing element
Info: RoleSet:trabajadores: 13 mini seconds publishing element
Info: Role:directores_de_los_usuarios: 29 mini seconds publishing element
Info: Role:equipo_de_mantenimiento: 52 mini seconds publishing element
Info: Role:jefe_del_proyecto: 31 mini seconds publishing element
Info: Role:responsable_de_la_peticion: 26 mini seconds publishing element
Info: Role:responsable_de_mantenimiento: 52 mini seconds publishing element
Info: WorkProductType:catalogos_de_peticiones: 7 mini seconds publishing element
Info: Artifact:catalogo_de_peticiones: 24 mini seconds publishing element
Info: Artifact:catalogo_de_peticiones_msi_1.2: 9 mini seconds publishing element
Info: Artifact:catalogo_de_peticiones_msi_2.1: 7 mini seconds publishing element
Info: Artifact:catalogo_de_peticiones_msi_2.2: 23 mini seconds publishing element
Info: Artifact:catalogo_de_peticiones_msi_3.1: 11 mini seconds publishing element
Info: Artifact:catalogo_de_peticiones_msi_3.2: 21 mini seconds publishing element
Info: Artifact:catlogo_de_peticiones_msi_4.3: 7 mini seconds publishing element
Info: WorkProductType:otros: 14 mini seconds publishing element
Info: Artifact:acuerdo_de_nivel_de_servicio: 13 mini seconds publishing element
Info: Artifact:analisis_del_impacto_de_los_cambios: 16 mini seconds publishing element
Info: Artifact:evaluacion_del_cambio: 15 mini seconds publishing element
Info: Artifact:evaluacion_del_resultado_de_las_pruebas_de_regresion: 13 mini seconds publishing element
Info: Artifact:peticion_mantenimiento: 12 mini seconds publishing element
Info: Artifact:plan_de_accion_para_la_modificacion: 14 mini seconds publishing element
Info: Artifact:plan_de_mantenimiento: 16 mini seconds publishing element
Info: Artifact:plan_de_pruebas_de_regresion: 19 mini seconds publishing element
Info: Artifact:producto_software: 12 mini seconds publishing element
Info: Artifact:propuesta_de_solucion_msi_2.2: 14 mini seconds publishing element
Info: Artifact:resultado_de_las_pruebas_de_regresion: 11 mini seconds publishing element
Info: Artifact:resultado_del_estudio_de_la_peticion: 12 mini seconds publishing element
Info: DeliveryProcess:MSI: 181 mini seconds publishing element
Info: DeliveryProcess:MSI: 69 mini seconds publishing process specific layout data
Info: Phase:Mantenimiento: 173 mini seconds publishing element
Info: Activity:Act1: 84 mini seconds publishing element
Info: Activity:Análisis de la petición: 100 mini seconds publishing element
Info: Activity:Preparación de la implementación de la modificación: 120 mini seconds publishing element
Info: Activity:Seguimiento y evaluación de los cambios hasta la aceptación: 111 mini seconds publishing element
Info: TaskDescriptor:registro_de_la_peticion: 28 mini seconds publishing element
Info: TaskDescriptor:asignacion_de_la_peticion: 26 mini seconds publishing element
Info: TaskDescriptor:verificacion_estudio_peticion_correctivo: 26 mini seconds publishing element
Info: TaskDescriptor:verificacion_estudio_peticion_evolutivo: 27 mini seconds publishing element
Info: TaskDescriptor:estudio_propuesta_solucion_correctivo: 29 mini seconds publishing element
Info: TaskDescriptor:estudio_propuesta_solucion_evolutivo: 30 mini seconds publishing element
Info: TaskDescriptor:identificacion_de_elementos_afectados: 27 mini seconds publishing element
Info: TaskDescriptor:establecimiento_del_plan_de_accion: 29 mini seconds publishing element
Info: TaskDescriptor:especificacion_del_plan_de_pruebas_de_regresion: 27 mini seconds publishing element
Info: TaskDescriptor:seguimiento_de_los_cambios: 41 mini seconds publishing element
Info: TaskDescriptor:realizacion_de_pruebas_de_regresion: 26 mini seconds publishing element
Info: TaskDescriptor:aprobacion_y_cierre_de_la_peticion: 29 mini seconds publishing element
Info: RoleDescriptor:directores_de_los_usuarios: 8 mini seconds publishing element
Info: RoleDescriptor:equipo_de_mantenimiento: 8 mini seconds publishing element
Info: RoleDescriptor:jefe_del_proyecto: 9 mini seconds publishing element
Info: RoleDescriptor:responsable_de_la_peticion: 6 mini seconds publishing element
Info: RoleDescriptor:responsable_de_mantenimiento: 7 mini seconds publishing element
Info: WorkProductDescriptor:acuerdo_de_nivel_de_servicio: 10 mini seconds publishing element
Info: WorkProductDescriptor:analisis_del_impacto_de_los_cambios: 10 mini seconds publishing element
Info: WorkProductDescriptor:catalogo_de_peticiones: 6 mini seconds publishing element
Info: WorkProductDescriptor:catalogo_de_peticiones_msi_1.2: 7 mini seconds publishing element
Info: WorkProductDescriptor:catalogo_de_peticiones_msi_2.1: 10 mini seconds publishing element
Info: WorkProductDescriptor:catalogo_de_peticiones_msi_2.2: 8 mini seconds publishing element
Info: WorkProductDescriptor:catalogo_de_peticiones_msi_3.1: 7 mini seconds publishing element
Info: WorkProductDescriptor:catalogo_de_peticiones_msi_3.2: 27 mini seconds publishing element
Info: WorkProductDescriptor:catlogo_de_peticiones_msi_4.3: 7 mini seconds publishing element
Info: WorkProductDescriptor:evaluacion_del_cambio: 8 mini seconds publishing element
Info: WorkProductDescriptor:evaluacion_del_resultado_de_las_pruebas_de_regresion: 7 mini seconds publishing element
Info: WorkProductDescriptor:peticion_mantenimiento: 6 mini seconds publishing element
Info: WorkProductDescriptor:plan_de_accion_para_la_modificacion: 8 mini seconds publishing element
Info: WorkProductDescriptor:plan_de_mantenimiento: 6 mini seconds publishing element
Info: WorkProductDescriptor:plan_de_pruebas_de_regresion: 25 mini seconds publishing element
Info: WorkProductDescriptor:producto_software: 25 mini seconds publishing element
Info: WorkProductDescriptor:propuesta_de_solucion_msi_2.2: 10 mini seconds publishing element
Info: WorkProductDescriptor:resultado_de_las_pruebas_de_regresion: 7 mini seconds publishing element
Info: WorkProductDescriptor:resultado_del_estudio_de_la_peticion: 10 mini seconds publishing element
Info: RoleDescriptor:responsable_de_mantenimiento: 6 mini seconds publishing element
Info: WorkProductDescriptor:catalogo_de_peticiones_msi_1.2: 5 mini seconds publishing element
Info: WorkProductDescriptor:plan_de_mantenimiento: 5 mini seconds publishing element
Info: RoleDescriptor:equipo_de_mantenimiento: 9 mini seconds publishing element
Info: RoleDescriptor:responsable_de_mantenimiento: 6 mini seconds publishing element
Info: WorkProductDescriptor:catalogo_de_peticiones_msi_2.2: 21 mini seconds publishing element
Info: WorkProductDescriptor:plan_de_mantenimiento: 5 mini seconds publishing element
Info: WorkProductDescriptor:propuesta_de_solucion_msi_2.2: 24 mini seconds publishing element
Info: RoleDescriptor:equipo_de_mantenimiento: 7 mini seconds publishing element
Info: RoleDescriptor:jefe_del_proyecto: 24 mini seconds publishing element
Info: RoleDescriptor:responsable_de_mantenimiento: 25 mini seconds publishing element
Info: WorkProductDescriptor:analisis_del_impacto_de_los_cambios: 23 mini seconds publishing element
Info: WorkProductDescriptor:catalogo_de_peticiones_msi_3.2: 6 mini seconds publishing element
Info: WorkProductDescriptor:plan_de_accion_para_la_modificacion: 8 mini seconds publishing element
Info: WorkProductDescriptor:plan_de_pruebas_de_regresion: 5 mini seconds publishing element
Info: : Publishing time: 0 minutes 11 seconds
